2024-11-11 14:26:57.755  INFO 7000 --- [main] com.ndm.fakeapi.FakeApiApplication       : Starting FakeApiApplication using Java 1.8.0_202 on PTPM1-MANHND with PID 7000 (D:\Intellij\fake-api\target\classes started by admin in D:\Intellij\fake-api)
2024-11-11 14:26:57.762  INFO 7000 --- [main] com.ndm.fakeapi.FakeApiApplication       : No active profile set, falling back to 1 default profile: "default"
2024-11-11 14:26:58.817  INFO 7000 --- [main] o.s.b.w.embedded.tomcat.TomcatWebServer  : Tomcat initialized with port(s): 9090 (http)
2024-11-11 14:26:58.825  INFO 7000 --- [main] o.apache.catalina.core.StandardService   : Starting service [Tomcat]
2024-11-11 14:26:58.825  INFO 7000 --- [main] org.apache.catalina.core.StandardEngine  : Starting Servlet engine: [Apache Tomcat/9.0.82]
2024-11-11 14:26:58.941  INFO 7000 --- [main] o.a.c.c.C.[Tomcat].[localhost].[/]       : Initializing Spring embedded WebApplicationContext
2024-11-11 14:26:58.942  INFO 7000 --- [main] w.s.c.ServletWebServerApplicationContext : Root WebApplicationContext: initialization completed in 1099 ms
2024-11-11 14:26:59.404  INFO 7000 --- [main] o.s.b.w.embedded.tomcat.TomcatWebServer  : Tomcat started on port(s): 9090 (http) with context path ''
2024-11-11 14:26:59.414  INFO 7000 --- [scheduling-1] com.ndm.fakeapi.config.DynamicApiConfig  : >> Refesh folder Mon Nov 11 14:26:59 ICT 2024
2024-11-11 14:26:59.417  INFO 7000 --- [main] com.ndm.fakeapi.FakeApiApplication       : Started FakeApiApplication in 2.263 seconds (JVM running for 4.039)
2024-11-11 14:26:59.419  INFO 7000 --- [scheduling-1] com.ndm.fakeapi.config.DynamicApiConfig  : EndPoint API - GET/POST: http://localhost:9090/api/dataflow 
2024-11-11 14:26:59.420  INFO 7000 --- [scheduling-1] com.ndm.fakeapi.config.DynamicApiConfig  : EndPoint API - GET/POST: http://localhost:9090/api/group-isdn 
2024-11-11 14:26:59.420  INFO 7000 --- [scheduling-1] com.ndm.fakeapi.config.DynamicApiConfig  : EndPoint API - GET/POST: http://localhost:9090/api/ocsgw 
2024-11-11 14:26:59.421  INFO 7000 --- [scheduling-1] com.ndm.fakeapi.config.DynamicApiConfig  : EndPoint API - GET/POST: http://localhost:9090/api/sms 
2024-11-11 14:26:59.421  INFO 7000 --- [scheduling-1] com.ndm.fakeapi.config.DynamicApiConfig  : EndPoint API - GET/POST: http://localhost:9090/api/spam 
2024-11-11 14:26:59.422  INFO 7000 --- [scheduling-1] com.ndm.fakeapi.config.DynamicApiConfig  : EndPoint API - GET/POST: http://localhost:9090/api/xml 
2024-11-11 14:27:29.436  INFO 7000 --- [scheduling-1] com.ndm.fakeapi.config.DynamicApiConfig  : >> Refesh folder Mon Nov 11 14:27:29 ICT 2024
2024-11-11 14:27:29.438  INFO 7000 --- [scheduling-1] com.ndm.fakeapi.config.DynamicApiConfig  : EndPoint API - GET/POST: http://localhost:9090/api/dataflow 
2024-11-11 14:27:29.438  INFO 7000 --- [scheduling-1] com.ndm.fakeapi.config.DynamicApiConfig  : EndPoint API - GET/POST: http://localhost:9090/api/group-isdn 
2024-11-11 14:27:29.439  INFO 7000 --- [scheduling-1] com.ndm.fakeapi.config.DynamicApiConfig  : EndPoint API - GET/POST: http://localhost:9090/api/ocsgw 
2024-11-11 14:27:29.439  INFO 7000 --- [scheduling-1] com.ndm.fakeapi.config.DynamicApiConfig  : EndPoint API - GET/POST: http://localhost:9090/api/sms 
2024-11-11 14:27:29.440  INFO 7000 --- [scheduling-1] com.ndm.fakeapi.config.DynamicApiConfig  : EndPoint API - GET/POST: http://localhost:9090/api/spam 
2024-11-11 14:27:29.440  INFO 7000 --- [scheduling-1] com.ndm.fakeapi.config.DynamicApiConfig  : EndPoint API - GET/POST: http://localhost:9090/api/xml 
2024-11-11 14:27:59.445  INFO 7000 --- [scheduling-1] com.ndm.fakeapi.config.DynamicApiConfig  : >> Refesh folder Mon Nov 11 14:27:59 ICT 2024
2024-11-11 14:27:59.446  INFO 7000 --- [scheduling-1] com.ndm.fakeapi.config.DynamicApiConfig  : EndPoint API - GET/POST: http://localhost:9090/api/dataflow 
2024-11-11 14:27:59.446  INFO 7000 --- [scheduling-1] com.ndm.fakeapi.config.DynamicApiConfig  : EndPoint API - GET/POST: http://localhost:9090/api/group-isdn 
2024-11-11 14:27:59.446  INFO 7000 --- [scheduling-1] com.ndm.fakeapi.config.DynamicApiConfig  : EndPoint API - GET/POST: http://localhost:9090/api/ocsgw 
2024-11-11 14:27:59.447  INFO 7000 --- [scheduling-1] com.ndm.fakeapi.config.DynamicApiConfig  : EndPoint API - GET/POST: http://localhost:9090/api/sms 
2024-11-11 14:27:59.447  INFO 7000 --- [scheduling-1] com.ndm.fakeapi.config.DynamicApiConfig  : EndPoint API - GET/POST: http://localhost:9090/api/spam 
2024-11-11 14:27:59.448  INFO 7000 --- [scheduling-1] com.ndm.fakeapi.config.DynamicApiConfig  : EndPoint API - GET/POST: http://localhost:9090/api/xml 
2024-11-11 14:28:29.456  INFO 7000 --- [scheduling-1] com.ndm.fakeapi.config.DynamicApiConfig  : >> Refesh folder Mon Nov 11 14:28:29 ICT 2024
2024-11-11 14:28:29.456  INFO 7000 --- [scheduling-1] com.ndm.fakeapi.config.DynamicApiConfig  : EndPoint API - GET/POST: http://localhost:9090/api/dataflow 
2024-11-11 14:28:29.456  INFO 7000 --- [scheduling-1] com.ndm.fakeapi.config.DynamicApiConfig  : EndPoint API - GET/POST: http://localhost:9090/api/group-isdn 
2024-11-11 14:28:29.457  INFO 7000 --- [scheduling-1] com.ndm.fakeapi.config.DynamicApiConfig  : EndPoint API - GET/POST: http://localhost:9090/api/ocsgw 
2024-11-11 14:28:29.457  INFO 7000 --- [scheduling-1] com.ndm.fakeapi.config.DynamicApiConfig  : EndPoint API - GET/POST: http://localhost:9090/api/sms 
2024-11-11 14:28:29.457  INFO 7000 --- [scheduling-1] com.ndm.fakeapi.config.DynamicApiConfig  : EndPoint API - GET/POST: http://localhost:9090/api/spam 
2024-11-11 14:28:29.457  INFO 7000 --- [scheduling-1] com.ndm.fakeapi.config.DynamicApiConfig  : EndPoint API - GET/POST: http://localhost:9090/api/xml 
2024-11-11 14:28:59.469  INFO 7000 --- [scheduling-1] com.ndm.fakeapi.config.DynamicApiConfig  : >> Refesh folder Mon Nov 11 14:28:59 ICT 2024
2024-11-11 14:28:59.471  INFO 7000 --- [scheduling-1] com.ndm.fakeapi.config.DynamicApiConfig  : EndPoint API - GET/POST: http://localhost:9090/api/dataflow 
2024-11-11 14:28:59.471  INFO 7000 --- [scheduling-1] com.ndm.fakeapi.config.DynamicApiConfig  : EndPoint API - GET/POST: http://localhost:9090/api/group-isdn 
2024-11-11 14:28:59.472  INFO 7000 --- [scheduling-1] com.ndm.fakeapi.config.DynamicApiConfig  : EndPoint API - GET/POST: http://localhost:9090/api/ocsgw 
2024-11-11 14:28:59.472  INFO 7000 --- [scheduling-1] com.ndm.fakeapi.config.DynamicApiConfig  : EndPoint API - GET/POST: http://localhost:9090/api/sms 
2024-11-11 14:28:59.473  INFO 7000 --- [scheduling-1] com.ndm.fakeapi.config.DynamicApiConfig  : EndPoint API - GET/POST: http://localhost:9090/api/spam 
2024-11-11 14:28:59.474  INFO 7000 --- [scheduling-1] com.ndm.fakeapi.config.DynamicApiConfig  : EndPoint API - GET/POST: http://localhost:9090/api/xml 
2024-11-11 14:29:15.108  INFO 7000 --- [http-nio-9090-exec-1] o.a.c.c.C.[Tomcat].[localhost].[/]       : Initializing Spring DispatcherServlet 'dispatcherServlet'
2024-11-11 14:29:15.108  INFO 7000 --- [http-nio-9090-exec-1] o.s.web.servlet.DispatcherServlet        : Initializing Servlet 'dispatcherServlet'
2024-11-11 14:29:15.109  INFO 7000 --- [http-nio-9090-exec-1] o.s.web.servlet.DispatcherServlet        : Completed initialization in 1 ms
2024-11-11 14:29:15.158  INFO 7000 --- [http-nio-9090-exec-1] c.n.f.controller.DynamicApiController    : Parameter: mdRemote=uhu&isQueryFF=false&isQueryBundle=false&isQuerySubscriberInfo=true&msisdn=84904508766&transactionId=
2024-11-11 14:29:29.486  INFO 7000 --- [scheduling-1] com.ndm.fakeapi.config.DynamicApiConfig  : >> Refesh folder Mon Nov 11 14:29:29 ICT 2024
2024-11-11 14:29:29.488  INFO 7000 --- [scheduling-1] com.ndm.fakeapi.config.DynamicApiConfig  : EndPoint API - GET/POST: http://localhost:9090/api/dataflow 
2024-11-11 14:29:29.488  INFO 7000 --- [scheduling-1] com.ndm.fakeapi.config.DynamicApiConfig  : EndPoint API - GET/POST: http://localhost:9090/api/group-isdn 
2024-11-11 14:29:29.488  INFO 7000 --- [scheduling-1] com.ndm.fakeapi.config.DynamicApiConfig  : EndPoint API - GET/POST: http://localhost:9090/api/ocsgw 
2024-11-11 14:29:29.488  INFO 7000 --- [scheduling-1] com.ndm.fakeapi.config.DynamicApiConfig  : EndPoint API - GET/POST: http://localhost:9090/api/sms 
2024-11-11 14:29:29.489  INFO 7000 --- [scheduling-1] com.ndm.fakeapi.config.DynamicApiConfig  : EndPoint API - GET/POST: http://localhost:9090/api/spam 
2024-11-11 14:29:29.489  INFO 7000 --- [scheduling-1] com.ndm.fakeapi.config.DynamicApiConfig  : EndPoint API - GET/POST: http://localhost:9090/api/xml 
2024-11-11 14:29:59.760  INFO 7000 --- [scheduling-1] com.ndm.fakeapi.config.DynamicApiConfig  : >> Refesh folder Mon Nov 11 14:29:59 ICT 2024
2024-11-11 14:29:59.761  INFO 7000 --- [scheduling-1] com.ndm.fakeapi.config.DynamicApiConfig  : EndPoint API - GET/POST: http://localhost:9090/api/dataflow 
2024-11-11 14:29:59.771  INFO 7000 --- [scheduling-1] com.ndm.fakeapi.config.DynamicApiConfig  : EndPoint API - GET/POST: http://localhost:9090/api/group-isdn 
2024-11-11 14:29:59.772  INFO 7000 --- [scheduling-1] com.ndm.fakeapi.config.DynamicApiConfig  : EndPoint API - GET/POST: http://localhost:9090/api/ocsgw 
2024-11-11 14:29:59.773  INFO 7000 --- [scheduling-1] com.ndm.fakeapi.config.DynamicApiConfig  : EndPoint API - GET/POST: http://localhost:9090/api/sms 
2024-11-11 14:29:59.774  INFO 7000 --- [scheduling-1] com.ndm.fakeapi.config.DynamicApiConfig  : EndPoint API - GET/POST: http://localhost:9090/api/spam 
2024-11-11 14:29:59.774  INFO 7000 --- [scheduling-1] com.ndm.fakeapi.config.DynamicApiConfig  : EndPoint API - GET/POST: http://localhost:9090/api/xml 
2024-11-11 14:30:29.777  INFO 7000 --- [scheduling-1] com.ndm.fakeapi.config.DynamicApiConfig  : >> Refesh folder Mon Nov 11 14:30:29 ICT 2024
2024-11-11 14:30:29.778  INFO 7000 --- [scheduling-1] com.ndm.fakeapi.config.DynamicApiConfig  : EndPoint API - GET/POST: http://localhost:9090/api/dataflow 
2024-11-11 14:30:29.778  INFO 7000 --- [scheduling-1] com.ndm.fakeapi.config.DynamicApiConfig  : EndPoint API - GET/POST: http://localhost:9090/api/group-isdn 
2024-11-11 14:30:29.778  INFO 7000 --- [scheduling-1] com.ndm.fakeapi.config.DynamicApiConfig  : EndPoint API - GET/POST: http://localhost:9090/api/ocsgw 
2024-11-11 14:30:29.778  INFO 7000 --- [scheduling-1] com.ndm.fakeapi.config.DynamicApiConfig  : EndPoint API - GET/POST: http://localhost:9090/api/sms 
2024-11-11 14:30:29.779  INFO 7000 --- [scheduling-1] com.ndm.fakeapi.config.DynamicApiConfig  : EndPoint API - GET/POST: http://localhost:9090/api/spam 
2024-11-11 14:30:29.779  INFO 7000 --- [scheduling-1] com.ndm.fakeapi.config.DynamicApiConfig  : EndPoint API - GET/POST: http://localhost:9090/api/xml 
2024-11-11 14:30:59.791  INFO 7000 --- [scheduling-1] com.ndm.fakeapi.config.DynamicApiConfig  : >> Refesh folder Mon Nov 11 14:30:59 ICT 2024
2024-11-11 14:30:59.792  INFO 7000 --- [scheduling-1] com.ndm.fakeapi.config.DynamicApiConfig  : EndPoint API - GET/POST: http://localhost:9090/api/dataflow 
2024-11-11 14:30:59.793  INFO 7000 --- [scheduling-1] com.ndm.fakeapi.config.DynamicApiConfig  : EndPoint API - GET/POST: http://localhost:9090/api/group-isdn 
2024-11-11 14:30:59.794  INFO 7000 --- [scheduling-1] com.ndm.fakeapi.config.DynamicApiConfig  : EndPoint API - GET/POST: http://localhost:9090/api/ocsgw 
2024-11-11 14:30:59.794  INFO 7000 --- [scheduling-1] com.ndm.fakeapi.config.DynamicApiConfig  : EndPoint API - GET/POST: http://localhost:9090/api/sms 
2024-11-11 14:30:59.795  INFO 7000 --- [scheduling-1] com.ndm.fakeapi.config.DynamicApiConfig  : EndPoint API - GET/POST: http://localhost:9090/api/spam 
2024-11-11 14:30:59.795  INFO 7000 --- [scheduling-1] com.ndm.fakeapi.config.DynamicApiConfig  : EndPoint API - GET/POST: http://localhost:9090/api/xml 
2024-11-11 14:31:29.797  INFO 7000 --- [scheduling-1] com.ndm.fakeapi.config.DynamicApiConfig  : >> Refesh folder Mon Nov 11 14:31:29 ICT 2024
2024-11-11 14:31:29.798  INFO 7000 --- [scheduling-1] com.ndm.fakeapi.config.DynamicApiConfig  : EndPoint API - GET/POST: http://localhost:9090/api/dataflow 
2024-11-11 14:31:29.798  INFO 7000 --- [scheduling-1] com.ndm.fakeapi.config.DynamicApiConfig  : EndPoint API - GET/POST: http://localhost:9090/api/group-isdn 
2024-11-11 14:31:29.798  INFO 7000 --- [scheduling-1] com.ndm.fakeapi.config.DynamicApiConfig  : EndPoint API - GET/POST: http://localhost:9090/api/ocsgw 
2024-11-11 14:31:29.798  INFO 7000 --- [scheduling-1] com.ndm.fakeapi.config.DynamicApiConfig  : EndPoint API - GET/POST: http://localhost:9090/api/sms 
2024-11-11 14:31:29.799  INFO 7000 --- [scheduling-1] com.ndm.fakeapi.config.DynamicApiConfig  : EndPoint API - GET/POST: http://localhost:9090/api/spam 
2024-11-11 14:31:29.799  INFO 7000 --- [scheduling-1] com.ndm.fakeapi.config.DynamicApiConfig  : EndPoint API - GET/POST: http://localhost:9090/api/xml 
2024-11-11 14:31:59.803  INFO 7000 --- [scheduling-1] com.ndm.fakeapi.config.DynamicApiConfig  : >> Refesh folder Mon Nov 11 14:31:59 ICT 2024
2024-11-11 14:31:59.803  INFO 7000 --- [scheduling-1] com.ndm.fakeapi.config.DynamicApiConfig  : EndPoint API - GET/POST: http://localhost:9090/api/dataflow 
2024-11-11 14:31:59.804  INFO 7000 --- [scheduling-1] com.ndm.fakeapi.config.DynamicApiConfig  : EndPoint API - GET/POST: http://localhost:9090/api/group-isdn 
2024-11-11 14:31:59.804  INFO 7000 --- [scheduling-1] com.ndm.fakeapi.config.DynamicApiConfig  : EndPoint API - GET/POST: http://localhost:9090/api/ocsgw 
2024-11-11 14:31:59.804  INFO 7000 --- [scheduling-1] com.ndm.fakeapi.config.DynamicApiConfig  : EndPoint API - GET/POST: http://localhost:9090/api/sms 
2024-11-11 14:31:59.804  INFO 7000 --- [scheduling-1] com.ndm.fakeapi.config.DynamicApiConfig  : EndPoint API - GET/POST: http://localhost:9090/api/spam 
2024-11-11 14:31:59.805  INFO 7000 --- [scheduling-1] com.ndm.fakeapi.config.DynamicApiConfig  : EndPoint API - GET/POST: http://localhost:9090/api/xml 
2024-11-11 14:32:29.806  INFO 7000 --- [scheduling-1] com.ndm.fakeapi.config.DynamicApiConfig  : >> Refesh folder Mon Nov 11 14:32:29 ICT 2024
2024-11-11 14:32:29.807  INFO 7000 --- [scheduling-1] com.ndm.fakeapi.config.DynamicApiConfig  : EndPoint API - GET/POST: http://localhost:9090/api/dataflow 
2024-11-11 14:32:29.808  INFO 7000 --- [scheduling-1] com.ndm.fakeapi.config.DynamicApiConfig  : EndPoint API - GET/POST: http://localhost:9090/api/group-isdn 
2024-11-11 14:32:29.808  INFO 7000 --- [scheduling-1] com.ndm.fakeapi.config.DynamicApiConfig  : EndPoint API - GET/POST: http://localhost:9090/api/ocsgw 
2024-11-11 14:32:29.809  INFO 7000 --- [scheduling-1] com.ndm.fakeapi.config.DynamicApiConfig  : EndPoint API - GET/POST: http://localhost:9090/api/sms 
2024-11-11 14:32:29.809  INFO 7000 --- [scheduling-1] com.ndm.fakeapi.config.DynamicApiConfig  : EndPoint API - GET/POST: http://localhost:9090/api/spam 
2024-11-11 14:32:29.810  INFO 7000 --- [scheduling-1] com.ndm.fakeapi.config.DynamicApiConfig  : EndPoint API - GET/POST: http://localhost:9090/api/xml 
2024-11-11 14:32:59.815  INFO 7000 --- [scheduling-1] com.ndm.fakeapi.config.DynamicApiConfig  : >> Refesh folder Mon Nov 11 14:32:59 ICT 2024
2024-11-11 14:32:59.818  INFO 7000 --- [scheduling-1] com.ndm.fakeapi.config.DynamicApiConfig  : EndPoint API - GET/POST: http://localhost:9090/api/dataflow 
2024-11-11 14:32:59.820  INFO 7000 --- [scheduling-1] com.ndm.fakeapi.config.DynamicApiConfig  : EndPoint API - GET/POST: http://localhost:9090/api/group-isdn 
2024-11-11 14:32:59.820  INFO 7000 --- [scheduling-1] com.ndm.fakeapi.config.DynamicApiConfig  : EndPoint API - GET/POST: http://localhost:9090/api/ocsgw 
2024-11-11 14:32:59.821  INFO 7000 --- [scheduling-1] com.ndm.fakeapi.config.DynamicApiConfig  : EndPoint API - GET/POST: http://localhost:9090/api/sms 
2024-11-11 14:32:59.821  INFO 7000 --- [scheduling-1] com.ndm.fakeapi.config.DynamicApiConfig  : EndPoint API - GET/POST: http://localhost:9090/api/spam 
2024-11-11 14:32:59.822  INFO 7000 --- [scheduling-1] com.ndm.fakeapi.config.DynamicApiConfig  : EndPoint API - GET/POST: http://localhost:9090/api/xml 
2024-11-11 14:33:29.831  INFO 7000 --- [scheduling-1] com.ndm.fakeapi.config.DynamicApiConfig  : >> Refesh folder Mon Nov 11 14:33:29 ICT 2024
2024-11-11 14:33:29.834  INFO 7000 --- [scheduling-1] com.ndm.fakeapi.config.DynamicApiConfig  : EndPoint API - GET/POST: http://localhost:9090/api/dataflow 
2024-11-11 14:33:29.835  INFO 7000 --- [scheduling-1] com.ndm.fakeapi.config.DynamicApiConfig  : EndPoint API - GET/POST: http://localhost:9090/api/group-isdn 
2024-11-11 14:33:29.836  INFO 7000 --- [scheduling-1] com.ndm.fakeapi.config.DynamicApiConfig  : EndPoint API - GET/POST: http://localhost:9090/api/ocsgw 
2024-11-11 14:33:29.837  INFO 7000 --- [scheduling-1] com.ndm.fakeapi.config.DynamicApiConfig  : EndPoint API - GET/POST: http://localhost:9090/api/sms 
2024-11-11 14:33:29.838  INFO 7000 --- [scheduling-1] com.ndm.fakeapi.config.DynamicApiConfig  : EndPoint API - GET/POST: http://localhost:9090/api/spam 
2024-11-11 14:33:29.840  INFO 7000 --- [scheduling-1] com.ndm.fakeapi.config.DynamicApiConfig  : EndPoint API - GET/POST: http://localhost:9090/api/xml 
2024-11-11 14:33:59.849  INFO 7000 --- [scheduling-1] com.ndm.fakeapi.config.DynamicApiConfig  : >> Refesh folder Mon Nov 11 14:33:59 ICT 2024
2024-11-11 14:33:59.851  INFO 7000 --- [scheduling-1] com.ndm.fakeapi.config.DynamicApiConfig  : EndPoint API - GET/POST: http://localhost:9090/api/dataflow 
2024-11-11 14:33:59.853  INFO 7000 --- [scheduling-1] com.ndm.fakeapi.config.DynamicApiConfig  : EndPoint API - GET/POST: http://localhost:9090/api/group-isdn 
2024-11-11 14:33:59.854  INFO 7000 --- [scheduling-1] com.ndm.fakeapi.config.DynamicApiConfig  : EndPoint API - GET/POST: http://localhost:9090/api/ocsgw 
2024-11-11 14:33:59.855  INFO 7000 --- [scheduling-1] com.ndm.fakeapi.config.DynamicApiConfig  : EndPoint API - GET/POST: http://localhost:9090/api/sms 
2024-11-11 14:33:59.855  INFO 7000 --- [scheduling-1] com.ndm.fakeapi.config.DynamicApiConfig  : EndPoint API - GET/POST: http://localhost:9090/api/spam 
2024-11-11 14:33:59.855  INFO 7000 --- [scheduling-1] com.ndm.fakeapi.config.DynamicApiConfig  : EndPoint API - GET/POST: http://localhost:9090/api/xml 
2024-11-11 14:34:29.858  INFO 7000 --- [scheduling-1] com.ndm.fakeapi.config.DynamicApiConfig  : >> Refesh folder Mon Nov 11 14:34:29 ICT 2024
2024-11-11 14:34:29.859  INFO 7000 --- [scheduling-1] com.ndm.fakeapi.config.DynamicApiConfig  : EndPoint API - GET/POST: http://localhost:9090/api/dataflow 
2024-11-11 14:34:29.859  INFO 7000 --- [scheduling-1] com.ndm.fakeapi.config.DynamicApiConfig  : EndPoint API - GET/POST: http://localhost:9090/api/group-isdn 
2024-11-11 14:34:29.859  INFO 7000 --- [scheduling-1] com.ndm.fakeapi.config.DynamicApiConfig  : EndPoint API - GET/POST: http://localhost:9090/api/ocsgw 
2024-11-11 14:34:29.860  INFO 7000 --- [scheduling-1] com.ndm.fakeapi.config.DynamicApiConfig  : EndPoint API - GET/POST: http://localhost:9090/api/sms 
2024-11-11 14:34:29.860  INFO 7000 --- [scheduling-1] com.ndm.fakeapi.config.DynamicApiConfig  : EndPoint API - GET/POST: http://localhost:9090/api/spam 
2024-11-11 14:34:29.860  INFO 7000 --- [scheduling-1] com.ndm.fakeapi.config.DynamicApiConfig  : EndPoint API - GET/POST: http://localhost:9090/api/xml 
2024-11-11 14:34:59.872  INFO 7000 --- [scheduling-1] com.ndm.fakeapi.config.DynamicApiConfig  : >> Refesh folder Mon Nov 11 14:34:59 ICT 2024
2024-11-11 14:34:59.873  INFO 7000 --- [scheduling-1] com.ndm.fakeapi.config.DynamicApiConfig  : EndPoint API - GET/POST: http://localhost:9090/api/dataflow 
2024-11-11 14:34:59.873  INFO 7000 --- [scheduling-1] com.ndm.fakeapi.config.DynamicApiConfig  : EndPoint API - GET/POST: http://localhost:9090/api/group-isdn 
2024-11-11 14:34:59.873  INFO 7000 --- [scheduling-1] com.ndm.fakeapi.config.DynamicApiConfig  : EndPoint API - GET/POST: http://localhost:9090/api/ocsgw 
2024-11-11 14:34:59.873  INFO 7000 --- [scheduling-1] com.ndm.fakeapi.config.DynamicApiConfig  : EndPoint API - GET/POST: http://localhost:9090/api/sms 
2024-11-11 14:34:59.874  INFO 7000 --- [scheduling-1] com.ndm.fakeapi.config.DynamicApiConfig  : EndPoint API - GET/POST: http://localhost:9090/api/spam 
2024-11-11 14:34:59.874  INFO 7000 --- [scheduling-1] com.ndm.fakeapi.config.DynamicApiConfig  : EndPoint API - GET/POST: http://localhost:9090/api/xml 
2024-11-11 14:35:29.889  INFO 7000 --- [scheduling-1] com.ndm.fakeapi.config.DynamicApiConfig  : >> Refesh folder Mon Nov 11 14:35:29 ICT 2024
2024-11-11 14:35:29.890  INFO 7000 --- [scheduling-1] com.ndm.fakeapi.config.DynamicApiConfig  : EndPoint API - GET/POST: http://localhost:9090/api/dataflow 
2024-11-11 14:35:29.891  INFO 7000 --- [scheduling-1] com.ndm.fakeapi.config.DynamicApiConfig  : EndPoint API - GET/POST: http://localhost:9090/api/group-isdn 
2024-11-11 14:35:29.891  INFO 7000 --- [scheduling-1] com.ndm.fakeapi.config.DynamicApiConfig  : EndPoint API - GET/POST: http://localhost:9090/api/ocsgw 
2024-11-11 14:35:29.891  INFO 7000 --- [scheduling-1] com.ndm.fakeapi.config.DynamicApiConfig  : EndPoint API - GET/POST: http://localhost:9090/api/sms 
2024-11-11 14:35:29.892  INFO 7000 --- [scheduling-1] com.ndm.fakeapi.config.DynamicApiConfig  : EndPoint API - GET/POST: http://localhost:9090/api/spam 
2024-11-11 14:35:29.892  INFO 7000 --- [scheduling-1] com.ndm.fakeapi.config.DynamicApiConfig  : EndPoint API - GET/POST: http://localhost:9090/api/xml 
2024-11-11 14:35:59.897  INFO 7000 --- [scheduling-1] com.ndm.fakeapi.config.DynamicApiConfig  : >> Refesh folder Mon Nov 11 14:35:59 ICT 2024
2024-11-11 14:35:59.898  INFO 7000 --- [scheduling-1] com.ndm.fakeapi.config.DynamicApiConfig  : EndPoint API - GET/POST: http://localhost:9090/api/dataflow 
2024-11-11 14:35:59.898  INFO 7000 --- [scheduling-1] com.ndm.fakeapi.config.DynamicApiConfig  : EndPoint API - GET/POST: http://localhost:9090/api/group-isdn 
2024-11-11 14:35:59.898  INFO 7000 --- [scheduling-1] com.ndm.fakeapi.config.DynamicApiConfig  : EndPoint API - GET/POST: http://localhost:9090/api/ocsgw 
2024-11-11 14:35:59.898  INFO 7000 --- [scheduling-1] com.ndm.fakeapi.config.DynamicApiConfig  : EndPoint API - GET/POST: http://localhost:9090/api/sms 
2024-11-11 14:35:59.898  INFO 7000 --- [scheduling-1] com.ndm.fakeapi.config.DynamicApiConfig  : EndPoint API - GET/POST: http://localhost:9090/api/spam 
2024-11-11 14:35:59.898  INFO 7000 --- [scheduling-1] com.ndm.fakeapi.config.DynamicApiConfig  : EndPoint API - GET/POST: http://localhost:9090/api/xml 
2024-11-11 14:36:29.912  INFO 7000 --- [scheduling-1] com.ndm.fakeapi.config.DynamicApiConfig  : >> Refesh folder Mon Nov 11 14:36:29 ICT 2024
2024-11-11 14:36:29.914  INFO 7000 --- [scheduling-1] com.ndm.fakeapi.config.DynamicApiConfig  : EndPoint API - GET/POST: http://localhost:9090/api/dataflow 
2024-11-11 14:36:29.914  INFO 7000 --- [scheduling-1] com.ndm.fakeapi.config.DynamicApiConfig  : EndPoint API - GET/POST: http://localhost:9090/api/group-isdn 
2024-11-11 14:36:29.915  INFO 7000 --- [scheduling-1] com.ndm.fakeapi.config.DynamicApiConfig  : EndPoint API - GET/POST: http://localhost:9090/api/ocsgw 
2024-11-11 14:36:29.915  INFO 7000 --- [scheduling-1] com.ndm.fakeapi.config.DynamicApiConfig  : EndPoint API - GET/POST: http://localhost:9090/api/sms 
2024-11-11 14:36:29.916  INFO 7000 --- [scheduling-1] com.ndm.fakeapi.config.DynamicApiConfig  : EndPoint API - GET/POST: http://localhost:9090/api/spam 
2024-11-11 14:36:29.917  INFO 7000 --- [scheduling-1] com.ndm.fakeapi.config.DynamicApiConfig  : EndPoint API - GET/POST: http://localhost:9090/api/xml 
2024-11-11 14:36:59.925  INFO 7000 --- [scheduling-1] com.ndm.fakeapi.config.DynamicApiConfig  : >> Refesh folder Mon Nov 11 14:36:59 ICT 2024
2024-11-11 14:36:59.926  INFO 7000 --- [scheduling-1] com.ndm.fakeapi.config.DynamicApiConfig  : EndPoint API - GET/POST: http://localhost:9090/api/dataflow 
2024-11-11 14:36:59.926  INFO 7000 --- [scheduling-1] com.ndm.fakeapi.config.DynamicApiConfig  : EndPoint API - GET/POST: http://localhost:9090/api/group-isdn 
2024-11-11 14:36:59.926  INFO 7000 --- [scheduling-1] com.ndm.fakeapi.config.DynamicApiConfig  : EndPoint API - GET/POST: http://localhost:9090/api/ocsgw 
2024-11-11 14:36:59.926  INFO 7000 --- [scheduling-1] com.ndm.fakeapi.config.DynamicApiConfig  : EndPoint API - GET/POST: http://localhost:9090/api/sms 
2024-11-11 14:36:59.926  INFO 7000 --- [scheduling-1] com.ndm.fakeapi.config.DynamicApiConfig  : EndPoint API - GET/POST: http://localhost:9090/api/spam 
2024-11-11 14:36:59.927  INFO 7000 --- [scheduling-1] com.ndm.fakeapi.config.DynamicApiConfig  : EndPoint API - GET/POST: http://localhost:9090/api/xml 
2024-11-11 14:37:29.930  INFO 7000 --- [scheduling-1] com.ndm.fakeapi.config.DynamicApiConfig  : >> Refesh folder Mon Nov 11 14:37:29 ICT 2024
2024-11-11 14:37:29.931  INFO 7000 --- [scheduling-1] com.ndm.fakeapi.config.DynamicApiConfig  : EndPoint API - GET/POST: http://localhost:9090/api/dataflow 
2024-11-11 14:37:29.932  INFO 7000 --- [scheduling-1] com.ndm.fakeapi.config.DynamicApiConfig  : EndPoint API - GET/POST: http://localhost:9090/api/group-isdn 
2024-11-11 14:37:29.937  INFO 7000 --- [scheduling-1] com.ndm.fakeapi.config.DynamicApiConfig  : EndPoint API - GET/POST: http://localhost:9090/api/ocsgw 
2024-11-11 14:37:29.938  INFO 7000 --- [scheduling-1] com.ndm.fakeapi.config.DynamicApiConfig  : EndPoint API - GET/POST: http://localhost:9090/api/sms 
2024-11-11 14:37:29.939  INFO 7000 --- [scheduling-1] com.ndm.fakeapi.config.DynamicApiConfig  : EndPoint API - GET/POST: http://localhost:9090/api/spam 
2024-11-11 14:37:29.940  INFO 7000 --- [scheduling-1] com.ndm.fakeapi.config.DynamicApiConfig  : EndPoint API - GET/POST: http://localhost:9090/api/xml 
2024-11-11 14:37:59.947  INFO 7000 --- [scheduling-1] com.ndm.fakeapi.config.DynamicApiConfig  : >> Refesh folder Mon Nov 11 14:37:59 ICT 2024
2024-11-11 14:37:59.949  INFO 7000 --- [scheduling-1] com.ndm.fakeapi.config.DynamicApiConfig  : EndPoint API - GET/POST: http://localhost:9090/api/dataflow 
2024-11-11 14:37:59.950  INFO 7000 --- [scheduling-1] com.ndm.fakeapi.config.DynamicApiConfig  : EndPoint API - GET/POST: http://localhost:9090/api/group-isdn 
2024-11-11 14:37:59.951  INFO 7000 --- [scheduling-1] com.ndm.fakeapi.config.DynamicApiConfig  : EndPoint API - GET/POST: http://localhost:9090/api/ocsgw 
2024-11-11 14:37:59.952  INFO 7000 --- [scheduling-1] com.ndm.fakeapi.config.DynamicApiConfig  : EndPoint API - GET/POST: http://localhost:9090/api/sms 
2024-11-11 14:37:59.952  INFO 7000 --- [scheduling-1] com.ndm.fakeapi.config.DynamicApiConfig  : EndPoint API - GET/POST: http://localhost:9090/api/spam 
2024-11-11 14:37:59.953  INFO 7000 --- [scheduling-1] com.ndm.fakeapi.config.DynamicApiConfig  : EndPoint API - GET/POST: http://localhost:9090/api/xml 
2024-11-11 14:38:29.956  INFO 7000 --- [scheduling-1] com.ndm.fakeapi.config.DynamicApiConfig  : >> Refesh folder Mon Nov 11 14:38:29 ICT 2024
2024-11-11 14:38:29.956  INFO 7000 --- [scheduling-1] com.ndm.fakeapi.config.DynamicApiConfig  : EndPoint API - GET/POST: http://localhost:9090/api/dataflow 
2024-11-11 14:38:29.956  INFO 7000 --- [scheduling-1] com.ndm.fakeapi.config.DynamicApiConfig  : EndPoint API - GET/POST: http://localhost:9090/api/group-isdn 
2024-11-11 14:38:29.957  INFO 7000 --- [scheduling-1] com.ndm.fakeapi.config.DynamicApiConfig  : EndPoint API - GET/POST: http://localhost:9090/api/ocsgw 
2024-11-11 14:38:29.957  INFO 7000 --- [scheduling-1] com.ndm.fakeapi.config.DynamicApiConfig  : EndPoint API - GET/POST: http://localhost:9090/api/sms 
2024-11-11 14:38:29.957  INFO 7000 --- [scheduling-1] com.ndm.fakeapi.config.DynamicApiConfig  : EndPoint API - GET/POST: http://localhost:9090/api/spam 
2024-11-11 14:38:29.957  INFO 7000 --- [scheduling-1] com.ndm.fakeapi.config.DynamicApiConfig  : EndPoint API - GET/POST: http://localhost:9090/api/xml 
2024-11-11 14:38:59.961  INFO 7000 --- [scheduling-1] com.ndm.fakeapi.config.DynamicApiConfig  : >> Refesh folder Mon Nov 11 14:38:59 ICT 2024
2024-11-11 14:38:59.962  INFO 7000 --- [scheduling-1] com.ndm.fakeapi.config.DynamicApiConfig  : EndPoint API - GET/POST: http://localhost:9090/api/dataflow 
2024-11-11 14:38:59.962  INFO 7000 --- [scheduling-1] com.ndm.fakeapi.config.DynamicApiConfig  : EndPoint API - GET/POST: http://localhost:9090/api/group-isdn 
2024-11-11 14:38:59.963  INFO 7000 --- [scheduling-1] com.ndm.fakeapi.config.DynamicApiConfig  : EndPoint API - GET/POST: http://localhost:9090/api/ocsgw 
2024-11-11 14:38:59.964  INFO 7000 --- [scheduling-1] com.ndm.fakeapi.config.DynamicApiConfig  : EndPoint API - GET/POST: http://localhost:9090/api/sms 
2024-11-11 14:38:59.965  INFO 7000 --- [scheduling-1] com.ndm.fakeapi.config.DynamicApiConfig  : EndPoint API - GET/POST: http://localhost:9090/api/spam 
2024-11-11 14:38:59.965  INFO 7000 --- [scheduling-1] com.ndm.fakeapi.config.DynamicApiConfig  : EndPoint API - GET/POST: http://localhost:9090/api/xml 
2024-11-11 14:39:29.980  INFO 7000 --- [scheduling-1] com.ndm.fakeapi.config.DynamicApiConfig  : >> Refesh folder Mon Nov 11 14:39:29 ICT 2024
2024-11-11 14:39:29.981  INFO 7000 --- [scheduling-1] com.ndm.fakeapi.config.DynamicApiConfig  : EndPoint API - GET/POST: http://localhost:9090/api/dataflow 
2024-11-11 14:39:29.982  INFO 7000 --- [scheduling-1] com.ndm.fakeapi.config.DynamicApiConfig  : EndPoint API - GET/POST: http://localhost:9090/api/group-isdn 
2024-11-11 14:39:29.982  INFO 7000 --- [scheduling-1] com.ndm.fakeapi.config.DynamicApiConfig  : EndPoint API - GET/POST: http://localhost:9090/api/ocsgw 
2024-11-11 14:39:29.983  INFO 7000 --- [scheduling-1] com.ndm.fakeapi.config.DynamicApiConfig  : EndPoint API - GET/POST: http://localhost:9090/api/sms 
2024-11-11 14:39:29.983  INFO 7000 --- [scheduling-1] com.ndm.fakeapi.config.DynamicApiConfig  : EndPoint API - GET/POST: http://localhost:9090/api/spam 
2024-11-11 14:39:29.983  INFO 7000 --- [scheduling-1] com.ndm.fakeapi.config.DynamicApiConfig  : EndPoint API - GET/POST: http://localhost:9090/api/xml 
2024-11-11 14:39:59.998  INFO 7000 --- [scheduling-1] com.ndm.fakeapi.config.DynamicApiConfig  : >> Refesh folder Mon Nov 11 14:39:59 ICT 2024
2024-11-11 14:40:00.000  INFO 7000 --- [scheduling-1] com.ndm.fakeapi.config.DynamicApiConfig  : EndPoint API - GET/POST: http://localhost:9090/api/dataflow 
2024-11-11 14:40:00.001  INFO 7000 --- [scheduling-1] com.ndm.fakeapi.config.DynamicApiConfig  : EndPoint API - GET/POST: http://localhost:9090/api/group-isdn 
2024-11-11 14:40:00.002  INFO 7000 --- [scheduling-1] com.ndm.fakeapi.config.DynamicApiConfig  : EndPoint API - GET/POST: http://localhost:9090/api/ocsgw 
2024-11-11 14:40:00.002  INFO 7000 --- [scheduling-1] com.ndm.fakeapi.config.DynamicApiConfig  : EndPoint API - GET/POST: http://localhost:9090/api/sms 
2024-11-11 14:40:00.003  INFO 7000 --- [scheduling-1] com.ndm.fakeapi.config.DynamicApiConfig  : EndPoint API - GET/POST: http://localhost:9090/api/spam 
2024-11-11 14:40:00.003  INFO 7000 --- [scheduling-1] com.ndm.fakeapi.config.DynamicApiConfig  : EndPoint API - GET/POST: http://localhost:9090/api/xml 
2024-11-11 14:40:30.020  INFO 7000 --- [scheduling-1] com.ndm.fakeapi.config.DynamicApiConfig  : >> Refesh folder Mon Nov 11 14:40:30 ICT 2024
2024-11-11 14:40:30.020  INFO 7000 --- [scheduling-1] com.ndm.fakeapi.config.DynamicApiConfig  : EndPoint API - GET/POST: http://localhost:9090/api/dataflow 
2024-11-11 14:40:30.020  INFO 7000 --- [scheduling-1] com.ndm.fakeapi.config.DynamicApiConfig  : EndPoint API - GET/POST: http://localhost:9090/api/group-isdn 
2024-11-11 14:40:30.020  INFO 7000 --- [scheduling-1] com.ndm.fakeapi.config.DynamicApiConfig  : EndPoint API - GET/POST: http://localhost:9090/api/ocsgw 
2024-11-11 14:40:30.020  INFO 7000 --- [scheduling-1] com.ndm.fakeapi.config.DynamicApiConfig  : EndPoint API - GET/POST: http://localhost:9090/api/sms 
2024-11-11 14:40:30.020  INFO 7000 --- [scheduling-1] com.ndm.fakeapi.config.DynamicApiConfig  : EndPoint API - GET/POST: http://localhost:9090/api/spam 
2024-11-11 14:40:30.020  INFO 7000 --- [scheduling-1] com.ndm.fakeapi.config.DynamicApiConfig  : EndPoint API - GET/POST: http://localhost:9090/api/xml 
2024-11-11 14:41:00.026  INFO 7000 --- [scheduling-1] com.ndm.fakeapi.config.DynamicApiConfig  : >> Refesh folder Mon Nov 11 14:41:00 ICT 2024
2024-11-11 14:41:00.027  INFO 7000 --- [scheduling-1] com.ndm.fakeapi.config.DynamicApiConfig  : EndPoint API - GET/POST: http://localhost:9090/api/dataflow 
2024-11-11 14:41:00.027  INFO 7000 --- [scheduling-1] com.ndm.fakeapi.config.DynamicApiConfig  : EndPoint API - GET/POST: http://localhost:9090/api/group-isdn 
2024-11-11 14:41:00.027  INFO 7000 --- [scheduling-1] com.ndm.fakeapi.config.DynamicApiConfig  : EndPoint API - GET/POST: http://localhost:9090/api/ocsgw 
2024-11-11 14:41:00.027  INFO 7000 --- [scheduling-1] com.ndm.fakeapi.config.DynamicApiConfig  : EndPoint API - GET/POST: http://localhost:9090/api/sms 
2024-11-11 14:41:00.027  INFO 7000 --- [scheduling-1] com.ndm.fakeapi.config.DynamicApiConfig  : EndPoint API - GET/POST: http://localhost:9090/api/spam 
2024-11-11 14:41:00.027  INFO 7000 --- [scheduling-1] com.ndm.fakeapi.config.DynamicApiConfig  : EndPoint API - GET/POST: http://localhost:9090/api/xml 
2024-11-11 14:41:30.034  INFO 7000 --- [scheduling-1] com.ndm.fakeapi.config.DynamicApiConfig  : >> Refesh folder Mon Nov 11 14:41:30 ICT 2024
2024-11-11 14:41:30.035  INFO 7000 --- [scheduling-1] com.ndm.fakeapi.config.DynamicApiConfig  : EndPoint API - GET/POST: http://localhost:9090/api/dataflow 
2024-11-11 14:41:30.035  INFO 7000 --- [scheduling-1] com.ndm.fakeapi.config.DynamicApiConfig  : EndPoint API - GET/POST: http://localhost:9090/api/group-isdn 
2024-11-11 14:41:30.035  INFO 7000 --- [scheduling-1] com.ndm.fakeapi.config.DynamicApiConfig  : EndPoint API - GET/POST: http://localhost:9090/api/ocsgw 
2024-11-11 14:41:30.036  INFO 7000 --- [scheduling-1] com.ndm.fakeapi.config.DynamicApiConfig  : EndPoint API - GET/POST: http://localhost:9090/api/sms 
2024-11-11 14:41:30.036  INFO 7000 --- [scheduling-1] com.ndm.fakeapi.config.DynamicApiConfig  : EndPoint API - GET/POST: http://localhost:9090/api/spam 
2024-11-11 14:41:30.036  INFO 7000 --- [scheduling-1] com.ndm.fakeapi.config.DynamicApiConfig  : EndPoint API - GET/POST: http://localhost:9090/api/xml 
2024-11-11 14:42:00.037  INFO 7000 --- [scheduling-1] com.ndm.fakeapi.config.DynamicApiConfig  : >> Refesh folder Mon Nov 11 14:42:00 ICT 2024
2024-11-11 14:42:00.037  INFO 7000 --- [scheduling-1] com.ndm.fakeapi.config.DynamicApiConfig  : EndPoint API - GET/POST: http://localhost:9090/api/dataflow 
2024-11-11 14:42:00.037  INFO 7000 --- [scheduling-1] com.ndm.fakeapi.config.DynamicApiConfig  : EndPoint API - GET/POST: http://localhost:9090/api/group-isdn 
2024-11-11 14:42:00.038  INFO 7000 --- [scheduling-1] com.ndm.fakeapi.config.DynamicApiConfig  : EndPoint API - GET/POST: http://localhost:9090/api/ocsgw 
2024-11-11 14:42:00.038  INFO 7000 --- [scheduling-1] com.ndm.fakeapi.config.DynamicApiConfig  : EndPoint API - GET/POST: http://localhost:9090/api/sms 
2024-11-11 14:42:00.038  INFO 7000 --- [scheduling-1] com.ndm.fakeapi.config.DynamicApiConfig  : EndPoint API - GET/POST: http://localhost:9090/api/spam 
2024-11-11 14:42:00.038  INFO 7000 --- [scheduling-1] com.ndm.fakeapi.config.DynamicApiConfig  : EndPoint API - GET/POST: http://localhost:9090/api/xml 
2024-11-11 14:42:30.071  INFO 7000 --- [scheduling-1] com.ndm.fakeapi.config.DynamicApiConfig  : >> Refesh folder Mon Nov 11 14:42:30 ICT 2024
2024-11-11 14:42:30.074  INFO 7000 --- [scheduling-1] com.ndm.fakeapi.config.DynamicApiConfig  : EndPoint API - GET/POST: http://localhost:9090/api/dataflow 
2024-11-11 14:42:30.076  INFO 7000 --- [scheduling-1] com.ndm.fakeapi.config.DynamicApiConfig  : EndPoint API - GET/POST: http://localhost:9090/api/group-isdn 
2024-11-11 14:42:30.078  INFO 7000 --- [scheduling-1] com.ndm.fakeapi.config.DynamicApiConfig  : EndPoint API - GET/POST: http://localhost:9090/api/ocsgw 
2024-11-11 14:42:30.080  INFO 7000 --- [scheduling-1] com.ndm.fakeapi.config.DynamicApiConfig  : EndPoint API - GET/POST: http://localhost:9090/api/sms 
2024-11-11 14:42:30.081  INFO 7000 --- [scheduling-1] com.ndm.fakeapi.config.DynamicApiConfig  : EndPoint API - GET/POST: http://localhost:9090/api/spam 
2024-11-11 14:42:30.081  INFO 7000 --- [scheduling-1] com.ndm.fakeapi.config.DynamicApiConfig  : EndPoint API - GET/POST: http://localhost:9090/api/xml 
2024-11-11 14:43:00.097  INFO 7000 --- [scheduling-1] com.ndm.fakeapi.config.DynamicApiConfig  : >> Refesh folder Mon Nov 11 14:43:00 ICT 2024
2024-11-11 14:43:00.097  INFO 7000 --- [scheduling-1] com.ndm.fakeapi.config.DynamicApiConfig  : EndPoint API - GET/POST: http://localhost:9090/api/dataflow 
2024-11-11 14:43:00.098  INFO 7000 --- [scheduling-1] com.ndm.fakeapi.config.DynamicApiConfig  : EndPoint API - GET/POST: http://localhost:9090/api/group-isdn 
2024-11-11 14:43:00.098  INFO 7000 --- [scheduling-1] com.ndm.fakeapi.config.DynamicApiConfig  : EndPoint API - GET/POST: http://localhost:9090/api/ocsgw 
2024-11-11 14:43:00.098  INFO 7000 --- [scheduling-1] com.ndm.fakeapi.config.DynamicApiConfig  : EndPoint API - GET/POST: http://localhost:9090/api/sms 
2024-11-11 14:43:00.098  INFO 7000 --- [scheduling-1] com.ndm.fakeapi.config.DynamicApiConfig  : EndPoint API - GET/POST: http://localhost:9090/api/spam 
2024-11-11 14:43:00.098  INFO 7000 --- [scheduling-1] com.ndm.fakeapi.config.DynamicApiConfig  : EndPoint API - GET/POST: http://localhost:9090/api/xml 
2024-11-11 14:43:30.107  INFO 7000 --- [scheduling-1] com.ndm.fakeapi.config.DynamicApiConfig  : >> Refesh folder Mon Nov 11 14:43:30 ICT 2024
2024-11-11 14:43:30.108  INFO 7000 --- [scheduling-1] com.ndm.fakeapi.config.DynamicApiConfig  : EndPoint API - GET/POST: http://localhost:9090/api/dataflow 
2024-11-11 14:43:30.109  INFO 7000 --- [scheduling-1] com.ndm.fakeapi.config.DynamicApiConfig  : EndPoint API - GET/POST: http://localhost:9090/api/group-isdn 
2024-11-11 14:43:30.109  INFO 7000 --- [scheduling-1] com.ndm.fakeapi.config.DynamicApiConfig  : EndPoint API - GET/POST: http://localhost:9090/api/ocsgw 
2024-11-11 14:43:30.109  INFO 7000 --- [scheduling-1] com.ndm.fakeapi.config.DynamicApiConfig  : EndPoint API - GET/POST: http://localhost:9090/api/sms 
2024-11-11 14:43:30.109  INFO 7000 --- [scheduling-1] com.ndm.fakeapi.config.DynamicApiConfig  : EndPoint API - GET/POST: http://localhost:9090/api/spam 
2024-11-11 14:43:30.110  INFO 7000 --- [scheduling-1] com.ndm.fakeapi.config.DynamicApiConfig  : EndPoint API - GET/POST: http://localhost:9090/api/xml 
2024-11-11 14:44:00.122  INFO 7000 --- [scheduling-1] com.ndm.fakeapi.config.DynamicApiConfig  : >> Refesh folder Mon Nov 11 14:44:00 ICT 2024
2024-11-11 14:44:00.123  INFO 7000 --- [scheduling-1] com.ndm.fakeapi.config.DynamicApiConfig  : EndPoint API - GET/POST: http://localhost:9090/api/dataflow 
2024-11-11 14:44:00.123  INFO 7000 --- [scheduling-1] com.ndm.fakeapi.config.DynamicApiConfig  : EndPoint API - GET/POST: http://localhost:9090/api/group-isdn 
2024-11-11 14:44:00.123  INFO 7000 --- [scheduling-1] com.ndm.fakeapi.config.DynamicApiConfig  : EndPoint API - GET/POST: http://localhost:9090/api/ocsgw 
2024-11-11 14:44:00.123  INFO 7000 --- [scheduling-1] com.ndm.fakeapi.config.DynamicApiConfig  : EndPoint API - GET/POST: http://localhost:9090/api/sms 
2024-11-11 14:44:00.123  INFO 7000 --- [scheduling-1] com.ndm.fakeapi.config.DynamicApiConfig  : EndPoint API - GET/POST: http://localhost:9090/api/spam 
2024-11-11 14:44:00.123  INFO 7000 --- [scheduling-1] com.ndm.fakeapi.config.DynamicApiConfig  : EndPoint API - GET/POST: http://localhost:9090/api/xml 
2024-11-11 14:44:30.137  INFO 7000 --- [scheduling-1] com.ndm.fakeapi.config.DynamicApiConfig  : >> Refesh folder Mon Nov 11 14:44:30 ICT 2024
2024-11-11 14:44:30.138  INFO 7000 --- [scheduling-1] com.ndm.fakeapi.config.DynamicApiConfig  : EndPoint API - GET/POST: http://localhost:9090/api/dataflow 
2024-11-11 14:44:30.139  INFO 7000 --- [scheduling-1] com.ndm.fakeapi.config.DynamicApiConfig  : EndPoint API - GET/POST: http://localhost:9090/api/group-isdn 
2024-11-11 14:44:30.139  INFO 7000 --- [scheduling-1] com.ndm.fakeapi.config.DynamicApiConfig  : EndPoint API - GET/POST: http://localhost:9090/api/ocsgw 
2024-11-11 14:44:30.139  INFO 7000 --- [scheduling-1] com.ndm.fakeapi.config.DynamicApiConfig  : EndPoint API - GET/POST: http://localhost:9090/api/sms 
2024-11-11 14:44:30.139  INFO 7000 --- [scheduling-1] com.ndm.fakeapi.config.DynamicApiConfig  : EndPoint API - GET/POST: http://localhost:9090/api/spam 
2024-11-11 14:44:30.139  INFO 7000 --- [scheduling-1] com.ndm.fakeapi.config.DynamicApiConfig  : EndPoint API - GET/POST: http://localhost:9090/api/xml 
2024-11-11 14:45:00.144  INFO 7000 --- [scheduling-1] com.ndm.fakeapi.config.DynamicApiConfig  : >> Refesh folder Mon Nov 11 14:45:00 ICT 2024
2024-11-11 14:45:00.146  INFO 7000 --- [scheduling-1] com.ndm.fakeapi.config.DynamicApiConfig  : EndPoint API - GET/POST: http://localhost:9090/api/dataflow 
2024-11-11 14:45:00.147  INFO 7000 --- [scheduling-1] com.ndm.fakeapi.config.DynamicApiConfig  : EndPoint API - GET/POST: http://localhost:9090/api/group-isdn 
2024-11-11 14:45:00.147  INFO 7000 --- [scheduling-1] com.ndm.fakeapi.config.DynamicApiConfig  : EndPoint API - GET/POST: http://localhost:9090/api/ocsgw 
2024-11-11 14:45:00.148  INFO 7000 --- [scheduling-1] com.ndm.fakeapi.config.DynamicApiConfig  : EndPoint API - GET/POST: http://localhost:9090/api/sms 
2024-11-11 14:45:00.148  INFO 7000 --- [scheduling-1] com.ndm.fakeapi.config.DynamicApiConfig  : EndPoint API - GET/POST: http://localhost:9090/api/spam 
2024-11-11 14:45:00.148  INFO 7000 --- [scheduling-1] com.ndm.fakeapi.config.DynamicApiConfig  : EndPoint API - GET/POST: http://localhost:9090/api/xml 
2024-11-11 14:45:30.161  INFO 7000 --- [scheduling-1] com.ndm.fakeapi.config.DynamicApiConfig  : >> Refesh folder Mon Nov 11 14:45:30 ICT 2024
2024-11-11 14:45:30.162  INFO 7000 --- [scheduling-1] com.ndm.fakeapi.config.DynamicApiConfig  : EndPoint API - GET/POST: http://localhost:9090/api/dataflow 
2024-11-11 14:45:30.162  INFO 7000 --- [scheduling-1] com.ndm.fakeapi.config.DynamicApiConfig  : EndPoint API - GET/POST: http://localhost:9090/api/group-isdn 
2024-11-11 14:45:30.162  INFO 7000 --- [scheduling-1] com.ndm.fakeapi.config.DynamicApiConfig  : EndPoint API - GET/POST: http://localhost:9090/api/ocsgw 
2024-11-11 14:45:30.162  INFO 7000 --- [scheduling-1] com.ndm.fakeapi.config.DynamicApiConfig  : EndPoint API - GET/POST: http://localhost:9090/api/sms 
2024-11-11 14:45:30.162  INFO 7000 --- [scheduling-1] com.ndm.fakeapi.config.DynamicApiConfig  : EndPoint API - GET/POST: http://localhost:9090/api/spam 
2024-11-11 14:45:30.162  INFO 7000 --- [scheduling-1] com.ndm.fakeapi.config.DynamicApiConfig  : EndPoint API - GET/POST: http://localhost:9090/api/xml 
2024-11-11 14:46:00.172  INFO 7000 --- [scheduling-1] com.ndm.fakeapi.config.DynamicApiConfig  : >> Refesh folder Mon Nov 11 14:46:00 ICT 2024
2024-11-11 14:46:00.172  INFO 7000 --- [scheduling-1] com.ndm.fakeapi.config.DynamicApiConfig  : EndPoint API - GET/POST: http://localhost:9090/api/dataflow 
2024-11-11 14:46:00.172  INFO 7000 --- [scheduling-1] com.ndm.fakeapi.config.DynamicApiConfig  : EndPoint API - GET/POST: http://localhost:9090/api/group-isdn 
2024-11-11 14:46:00.172  INFO 7000 --- [scheduling-1] com.ndm.fakeapi.config.DynamicApiConfig  : EndPoint API - GET/POST: http://localhost:9090/api/ocsgw 
2024-11-11 14:46:00.172  INFO 7000 --- [scheduling-1] com.ndm.fakeapi.config.DynamicApiConfig  : EndPoint API - GET/POST: http://localhost:9090/api/sms 
2024-11-11 14:46:00.172  INFO 7000 --- [scheduling-1] com.ndm.fakeapi.config.DynamicApiConfig  : EndPoint API - GET/POST: http://localhost:9090/api/spam 
2024-11-11 14:46:00.172  INFO 7000 --- [scheduling-1] com.ndm.fakeapi.config.DynamicApiConfig  : EndPoint API - GET/POST: http://localhost:9090/api/xml 
2024-11-11 14:46:30.183  INFO 7000 --- [scheduling-1] com.ndm.fakeapi.config.DynamicApiConfig  : >> Refesh folder Mon Nov 11 14:46:30 ICT 2024
2024-11-11 14:46:30.183  INFO 7000 --- [scheduling-1] com.ndm.fakeapi.config.DynamicApiConfig  : EndPoint API - GET/POST: http://localhost:9090/api/dataflow 
2024-11-11 14:46:30.183  INFO 7000 --- [scheduling-1] com.ndm.fakeapi.config.DynamicApiConfig  : EndPoint API - GET/POST: http://localhost:9090/api/group-isdn 
2024-11-11 14:46:30.184  INFO 7000 --- [scheduling-1] com.ndm.fakeapi.config.DynamicApiConfig  : EndPoint API - GET/POST: http://localhost:9090/api/ocsgw 
2024-11-11 14:46:30.184  INFO 7000 --- [scheduling-1] com.ndm.fakeapi.config.DynamicApiConfig  : EndPoint API - GET/POST: http://localhost:9090/api/sms 
2024-11-11 14:46:30.184  INFO 7000 --- [scheduling-1] com.ndm.fakeapi.config.DynamicApiConfig  : EndPoint API - GET/POST: http://localhost:9090/api/spam 
2024-11-11 14:46:30.184  INFO 7000 --- [scheduling-1] com.ndm.fakeapi.config.DynamicApiConfig  : EndPoint API - GET/POST: http://localhost:9090/api/xml 
2024-11-11 14:47:00.199  INFO 7000 --- [scheduling-1] com.ndm.fakeapi.config.DynamicApiConfig  : >> Refesh folder Mon Nov 11 14:47:00 ICT 2024
2024-11-11 14:47:00.200  INFO 7000 --- [scheduling-1] com.ndm.fakeapi.config.DynamicApiConfig  : EndPoint API - GET/POST: http://localhost:9090/api/dataflow 
2024-11-11 14:47:00.200  INFO 7000 --- [scheduling-1] com.ndm.fakeapi.config.DynamicApiConfig  : EndPoint API - GET/POST: http://localhost:9090/api/group-isdn 
2024-11-11 14:47:00.200  INFO 7000 --- [scheduling-1] com.ndm.fakeapi.config.DynamicApiConfig  : EndPoint API - GET/POST: http://localhost:9090/api/ocsgw 
2024-11-11 14:47:00.200  INFO 7000 --- [scheduling-1] com.ndm.fakeapi.config.DynamicApiConfig  : EndPoint API - GET/POST: http://localhost:9090/api/sms 
2024-11-11 14:47:00.200  INFO 7000 --- [scheduling-1] com.ndm.fakeapi.config.DynamicApiConfig  : EndPoint API - GET/POST: http://localhost:9090/api/spam 
2024-11-11 14:47:00.200  INFO 7000 --- [scheduling-1] com.ndm.fakeapi.config.DynamicApiConfig  : EndPoint API - GET/POST: http://localhost:9090/api/xml 
2024-11-11 14:47:30.209  INFO 7000 --- [scheduling-1] com.ndm.fakeapi.config.DynamicApiConfig  : >> Refesh folder Mon Nov 11 14:47:30 ICT 2024
2024-11-11 14:47:30.209  INFO 7000 --- [scheduling-1] com.ndm.fakeapi.config.DynamicApiConfig  : EndPoint API - GET/POST: http://localhost:9090/api/dataflow 
2024-11-11 14:47:30.209  INFO 7000 --- [scheduling-1] com.ndm.fakeapi.config.DynamicApiConfig  : EndPoint API - GET/POST: http://localhost:9090/api/group-isdn 
2024-11-11 14:47:30.210  INFO 7000 --- [scheduling-1] com.ndm.fakeapi.config.DynamicApiConfig  : EndPoint API - GET/POST: http://localhost:9090/api/ocsgw 
2024-11-11 14:47:30.210  INFO 7000 --- [scheduling-1] com.ndm.fakeapi.config.DynamicApiConfig  : EndPoint API - GET/POST: http://localhost:9090/api/sms 
2024-11-11 14:47:30.210  INFO 7000 --- [scheduling-1] com.ndm.fakeapi.config.DynamicApiConfig  : EndPoint API - GET/POST: http://localhost:9090/api/spam 
2024-11-11 14:47:30.210  INFO 7000 --- [scheduling-1] com.ndm.fakeapi.config.DynamicApiConfig  : EndPoint API - GET/POST: http://localhost:9090/api/xml 
2024-11-11 14:48:00.221  INFO 7000 --- [scheduling-1] com.ndm.fakeapi.config.DynamicApiConfig  : >> Refesh folder Mon Nov 11 14:48:00 ICT 2024
2024-11-11 14:48:00.223  INFO 7000 --- [scheduling-1] com.ndm.fakeapi.config.DynamicApiConfig  : EndPoint API - GET/POST: http://localhost:9090/api/dataflow 
2024-11-11 14:48:00.224  INFO 7000 --- [scheduling-1] com.ndm.fakeapi.config.DynamicApiConfig  : EndPoint API - GET/POST: http://localhost:9090/api/group-isdn 
2024-11-11 14:48:00.225  INFO 7000 --- [scheduling-1] com.ndm.fakeapi.config.DynamicApiConfig  : EndPoint API - GET/POST: http://localhost:9090/api/ocsgw 
2024-11-11 14:48:00.226  INFO 7000 --- [scheduling-1] com.ndm.fakeapi.config.DynamicApiConfig  : EndPoint API - GET/POST: http://localhost:9090/api/sms 
2024-11-11 14:48:00.226  INFO 7000 --- [scheduling-1] com.ndm.fakeapi.config.DynamicApiConfig  : EndPoint API - GET/POST: http://localhost:9090/api/spam 
2024-11-11 14:48:00.226  INFO 7000 --- [scheduling-1] com.ndm.fakeapi.config.DynamicApiConfig  : EndPoint API - GET/POST: http://localhost:9090/api/xml 
2024-11-11 14:48:30.239  INFO 7000 --- [scheduling-1] com.ndm.fakeapi.config.DynamicApiConfig  : >> Refesh folder Mon Nov 11 14:48:30 ICT 2024
2024-11-11 14:48:30.239  INFO 7000 --- [scheduling-1] com.ndm.fakeapi.config.DynamicApiConfig  : EndPoint API - GET/POST: http://localhost:9090/api/dataflow 
2024-11-11 14:48:30.240  INFO 7000 --- [scheduling-1] com.ndm.fakeapi.config.DynamicApiConfig  : EndPoint API - GET/POST: http://localhost:9090/api/group-isdn 
2024-11-11 14:48:30.240  INFO 7000 --- [scheduling-1] com.ndm.fakeapi.config.DynamicApiConfig  : EndPoint API - GET/POST: http://localhost:9090/api/ocsgw 
2024-11-11 14:48:30.240  INFO 7000 --- [scheduling-1] com.ndm.fakeapi.config.DynamicApiConfig  : EndPoint API - GET/POST: http://localhost:9090/api/sms 
2024-11-11 14:48:30.240  INFO 7000 --- [scheduling-1] com.ndm.fakeapi.config.DynamicApiConfig  : EndPoint API - GET/POST: http://localhost:9090/api/spam 
2024-11-11 14:48:30.240  INFO 7000 --- [scheduling-1] com.ndm.fakeapi.config.DynamicApiConfig  : EndPoint API - GET/POST: http://localhost:9090/api/xml 
